{
  message: 'Database is connceted Successfully',
  level: 'info',
  label: 'AR',
  timestamp: '2023-09-24T09:39:27.947Z'
}
{
  message: 'Example app listening on port 3001',
  level: 'info',
  label: 'AR',
  timestamp: '2023-09-24T09:39:27.987Z'
}
{
  message: 'Database is connceted Successfully',
  level: 'info',
  label: 'AR',
  timestamp: '2023-09-24T09:49:04.497Z'
}
{
  message: 'Example app listening on port 3001',
  level: 'info',
  label: 'AR',
  timestamp: '2023-09-24T09:49:04.593Z'
}
