{
  message: 'Database is connceted Successfully',
  level: 'info',
  label: 'AR',
  timestamp: '2023-06-07T10:00:49.122Z'
}
{
  message: 'Example app listening on port 5000',
  level: 'info',
  label: 'AR',
  timestamp: '2023-06-07T10:00:49.145Z'
}
{
  message: 'Database is connceted Successfully',
  level: 'info',
  label: 'AR',
  timestamp: '2023-06-07T10:28:16.168Z'
}
{
  message: 'Example app listening on port 5000',
  level: 'info',
  label: 'AR',
  timestamp: '2023-06-07T10:28:16.215Z'
}
{
  message: 'Database is connceted Successfully',
  level: 'info',
  label: 'AR',
  timestamp: '2023-06-07T10:31:05.151Z'
}
{
  message: 'Example app listening on port 5000',
  level: 'info',
  label: 'AR',
  timestamp: '2023-06-07T10:31:05.166Z'
}
