{
  message: 'Database is connceted Successfully',
  level: 'info',
  label: 'AR',
  timestamp: '2023-09-24T10:10:48.177Z'
}
{
  message: 'Example app listening on port 3001',
  level: 'info',
  label: 'AR',
  timestamp: '2023-09-24T10:10:48.213Z'
}
{
  message: 'Database is connceted Successfully',
  level: 'info',
  label: 'AR',
  timestamp: '2023-09-24T10:11:05.743Z'
}
{
  message: 'Example app listening on port 3001',
  level: 'info',
  label: 'AR',
  timestamp: '2023-09-24T10:11:05.779Z'
}
{
  message: 'Database is connceted Successfully',
  level: 'info',
  label: 'AR',
  timestamp: '2023-09-24T10:13:00.156Z'
}
{
  message: 'Example app listening on port 3001',
  level: 'info',
  label: 'AR',
  timestamp: '2023-09-24T10:13:00.262Z'
}
{
  message: 'Database is connceted Successfully',
  level: 'info',
  label: 'AR',
  timestamp: '2023-09-24T10:16:17.331Z'
}
{
  message: 'Example app listening on port 3001',
  level: 'info',
  label: 'AR',
  timestamp: '2023-09-24T10:16:17.408Z'
}
{
  message: 'Database is connceted Successfully',
  level: 'info',
  label: 'AR',
  timestamp: '2023-09-24T10:18:21.261Z'
}
{
  message: 'Example app listening on port 3001',
  level: 'info',
  label: 'AR',
  timestamp: '2023-09-24T10:18:21.318Z'
}
