{
  message: 'Database is connceted Successfully',
  level: 'info',
  label: 'AR',
  timestamp: '2023-06-06T06:42:09.467Z'
}
{
  message: 'Example app listening on port 5000',
  level: 'info',
  label: 'AR',
  timestamp: '2023-06-06T06:42:09.515Z'
}
Tue Jun 06 2023 12:44:07 GMT+0600 (Bangladesh Standard Time) 12: 44 : 7 [AR] info: Database is connceted Successfully
Tue Jun 06 2023 12:44:08 GMT+0600 (Bangladesh Standard Time) 12: 44 : 8 [AR] info: Example app listening on port 5000
{
  message: 'Database is connceted Successfully',
  level: 'info',
  label: 'AR',
  timestamp: '2023-06-06T06:44:35.601Z'
}
{
  message: 'Example app listening on port 5000',
  level: 'info',
  label: 'AR',
  timestamp: '2023-06-06T06:44:35.626Z'
}
