{
  message: 'Database is connceted Successfully',
  level: 'info',
  label: 'AR',
  timestamp: '2023-07-04T15:51:50.079Z'
}
{
  message: 'Example app listening on port 5000',
  level: 'info',
  label: 'AR',
  timestamp: '2023-07-04T15:51:50.099Z'
}
{
  message: 'Database is connceted Successfully',
  level: 'info',
  label: 'AR',
  timestamp: '2023-07-04T15:53:14.510Z'
}
{
  message: 'Example app listening on port 5000',
  level: 'info',
  label: 'AR',
  timestamp: '2023-07-04T15:53:14.535Z'
}
