{
  message: 'Database is connceted Successfully',
  level: 'info',
  label: 'AR',
  timestamp: '2023-06-07T08:05:05.665Z'
}
{
  message: 'Example app listening on port 5000',
  level: 'info',
  label: 'AR',
  timestamp: '2023-06-07T08:05:05.691Z'
}
{
  message: 'Database is connceted Successfully',
  level: 'info',
  label: 'AR',
  timestamp: '2023-06-07T08:32:13.283Z'
}
{
  message: 'Example app listening on port 5000',
  level: 'info',
  label: 'AR',
  timestamp: '2023-06-07T08:32:13.310Z'
}
{
  message: 'Database is connceted Successfully',
  level: 'info',
  label: 'AR',
  timestamp: '2023-06-07T08:33:58.372Z'
}
{
  message: 'Example app listening on port 5000',
  level: 'info',
  label: 'AR',
  timestamp: '2023-06-07T08:33:58.400Z'
}
{
  message: 'Database is connceted Successfully',
  level: 'info',
  label: 'AR',
  timestamp: '2023-06-07T08:42:11.483Z'
}
{
  message: 'Example app listening on port 5000',
  level: 'info',
  label: 'AR',
  timestamp: '2023-06-07T08:42:11.494Z'
}
