{
  message: 'Database is connceted Successfully',
  level: 'info',
  label: 'AR',
  timestamp: '2023-06-07T07:21:37.588Z'
}
{
  message: 'Example app listening on port 5000',
  level: 'info',
  label: 'AR',
  timestamp: '2023-06-07T07:21:37.607Z'
}
{
  message: 'Database is connceted Successfully',
  level: 'info',
  label: 'AR',
  timestamp: '2023-06-07T07:24:05.055Z'
}
{
  message: 'Example app listening on port 5000',
  level: 'info',
  label: 'AR',
  timestamp: '2023-06-07T07:24:05.086Z'
}
{
  message: 'Database is connceted Successfully',
  level: 'info',
  label: 'AR',
  timestamp: '2023-06-07T07:27:57.244Z'
}
{
  message: 'Example app listening on port 5000',
  level: 'info',
  label: 'AR',
  timestamp: '2023-06-07T07:27:57.256Z'
}
