{
  message: 'Database is connceted Successfully',
  level: 'info',
  label: 'AR',
  timestamp: '2023-06-12T10:05:35.742Z'
}
{
  message: 'Example app listening on port 5000',
  level: 'info',
  label: 'AR',
  timestamp: '2023-06-12T10:05:35.765Z'
}
{
  message: 'Database is connceted Successfully',
  level: 'info',
  label: 'AR',
  timestamp: '2023-06-12T10:06:24.219Z'
}
{
  message: 'Example app listening on port 5000',
  level: 'info',
  label: 'AR',
  timestamp: '2023-06-12T10:06:24.232Z'
}
{
  message: 'Database is connceted Successfully',
  level: 'info',
  label: 'AR',
  timestamp: '2023-06-12T10:06:33.250Z'
}
{
  message: 'Example app listening on port 5000',
  level: 'info',
  label: 'AR',
  timestamp: '2023-06-12T10:06:33.261Z'
}
{
  message: 'Database is connceted Successfully',
  level: 'info',
  label: 'AR',
  timestamp: '2023-06-12T10:13:51.714Z'
}
{
  message: 'Example app listening on port 5000',
  level: 'info',
  label: 'AR',
  timestamp: '2023-06-12T10:13:51.742Z'
}
{
  message: 'Database is connceted Successfully',
  level: 'info',
  label: 'AR',
  timestamp: '2023-06-12T10:18:56.593Z'
}
{
  message: 'Example app listening on port 5000',
  level: 'info',
  label: 'AR',
  timestamp: '2023-06-12T10:18:56.607Z'
}
{
  message: 'Database is connceted Successfully',
  level: 'info',
  label: 'AR',
  timestamp: '2023-06-12T10:20:40.064Z'
}
{
  message: 'Example app listening on port 5000',
  level: 'info',
  label: 'AR',
  timestamp: '2023-06-12T10:20:40.081Z'
}
{
  message: 'Database is connceted Successfully',
  level: 'info',
  label: 'AR',
  timestamp: '2023-06-12T10:24:04.585Z'
}
{
  message: 'Example app listening on port 5000',
  level: 'info',
  label: 'AR',
  timestamp: '2023-06-12T10:24:04.602Z'
}
{
  message: 'Database is connceted Successfully',
  level: 'info',
  label: 'AR',
  timestamp: '2023-06-12T10:24:33.861Z'
}
{
  message: 'Example app listening on port 5000',
  level: 'info',
  label: 'AR',
  timestamp: '2023-06-12T10:24:33.873Z'
}
{
  message: 'Database is connceted Successfully',
  level: 'info',
  label: 'AR',
  timestamp: '2023-06-12T10:25:32.932Z'
}
{
  message: 'Example app listening on port 5000',
  level: 'info',
  label: 'AR',
  timestamp: '2023-06-12T10:25:32.947Z'
}
{
  message: 'Database is connceted Successfully',
  level: 'info',
  label: 'AR',
  timestamp: '2023-06-12T10:27:05.183Z'
}
{
  message: 'Example app listening on port 5000',
  level: 'info',
  label: 'AR',
  timestamp: '2023-06-12T10:27:05.203Z'
}
{
  message: 'Database is connceted Successfully',
  level: 'info',
  label: 'AR',
  timestamp: '2023-06-12T10:27:47.857Z'
}
{
  message: 'Example app listening on port 5000',
  level: 'info',
  label: 'AR',
  timestamp: '2023-06-12T10:27:47.868Z'
}
{
  message: 'Database is connceted Successfully',
  level: 'info',
  label: 'AR',
  timestamp: '2023-06-12T10:30:34.606Z'
}
{
  message: 'Example app listening on port 5000',
  level: 'info',
  label: 'AR',
  timestamp: '2023-06-12T10:30:34.617Z'
}
