{
  stringValue: '"64869ea53b7d7db6901e2"',
  messageFormat: undefined,
  kind: 'ObjectId',
  value: '64869ea53b7d7db6901e2',
  path: '_id',
  reason: BSONError: Argument passed in must be a string of 12 bytes or a string of 24 hex characters or an integer
      at new ObjectId (F:\level-2\university-management-project\node_modules\bson\src\objectid.ts:88:15)
      at castObjectId (F:\level-2\university-management-project\node_modules\mongoose\lib\cast\objectid.js:25:12)
      at ObjectId.cast (F:\level-2\university-management-project\node_modules\mongoose\lib\schema\objectid.js:246:12)
      at ObjectId.SchemaType.applySetters (F:\level-2\university-management-project\node_modules\mongoose\lib\schematype.js:1204:12)
      at ObjectId.SchemaType.castForQuery (F:\level-2\university-management-project\node_modules\mongoose\lib\schematype.js:1616:15)
      at cast (F:\level-2\university-management-project\node_modules\mongoose\lib\cast.js:348:32)
      at model.Query.Query.cast (F:\level-2\university-management-project\node_modules\mongoose\lib\query.js:4874:12)
      at model.Query.Query._castConditions (F:\level-2\university-management-project\node_modules\mongoose\lib\query.js:2210:10)
      at model.Query._findOneAndUpdate (F:\level-2\university-management-project\node_modules\mongoose\lib\query.js:3284:8)
      at model.Query.exec (F:\level-2\university-management-project\node_modules\mongoose\lib\query.js:4404:28),
  valueType: 'string',
  model: Model { AcademicSemester },
  level: 'error',
  label: 'AR',
  timestamp: '2023-06-12T09:57:07.145Z'
}
